Color management: using fallback mode for management
found bundled python: /data/data/com.termux/files/home/blender-2.79b/build/portable/2.79/python
search for unknown operator 'WM_OT_context_set_enum', 'WM_OT_context_set_enum'
RNA_string_set: OperatorProperties.data_path not found.
RNA_string_set: OperatorProperties.value not found.
search for unknown operator 'WM_OT_context_set_enum', 'WM_OT_context_set_enum'
RNA_string_set: OperatorProperties.data_path not found.
RNA_string_set: OperatorProperties.value not found.
search for unknown operator 'WM_OT_context_set_enum', 'WM_OT_context_set_enum'
RNA_string_set: OperatorProperties.data_path not found.
RNA_string_set: OperatorProperties.value not found.
search for unknown operator 'WM_OT_context_set_enum', 'WM_OT_context_set_enum'
RNA_string_set: OperatorProperties.data_path not found.
RNA_string_set: OperatorProperties.value not found.
search for unknown operator 'WM_OT_context_set_enum', 'WM_OT_context_set_enum'
RNA_string_set: OperatorProperties.data_path not found.
RNA_string_set: OperatorProperties.value not found.
search for unknown operator 'WM_OT_context_set_enum', 'WM_OT_context_set_enum'
RNA_string_set: OperatorProperties.data_path not found.
RNA_string_set: OperatorProperties.value not found.
search for unknown operator 'WM_OT_context_set_enum', 'WM_OT_context_set_enum'
RNA_string_set: OperatorProperties.data_path not found.
RNA_string_set: OperatorProperties.value not found.
search for unknown operator 'WM_OT_context_set_enum', 'WM_OT_context_set_enum'
RNA_string_set: OperatorProperties.data_path not found.
RNA_string_set: OperatorProperties.value not found.
search for unknown operator 'WM_OT_context_set_enum', 'WM_OT_context_set_enum'
RNA_string_set: OperatorProperties.data_path not found.
RNA_string_set: OperatorProperties.value not found.
search for unknown operator 'WM_OT_context_set_enum', 'WM_OT_context_set_enum'
RNA_string_set: OperatorProperties.data_path not found.
RNA_string_set: OperatorProperties.value not found.
search for unknown operator 'WM_OT_context_set_enum', 'WM_OT_context_set_enum'
RNA_string_set: OperatorProperties.data_path not found.
RNA_string_set: OperatorProperties.value not found.
search for unknown operator 'WM_OT_context_scale_float', 'WM_OT_context_scale_float'
RNA_string_set: OperatorProperties.data_path not found.
RNA_float_set: OperatorProperties.value not found.
search for unknown operator 'WM_OT_context_scale_float', 'WM_OT_context_scale_float'
RNA_string_set: OperatorProperties.data_path not found.
RNA_float_set: OperatorProperties.value not found.
search for unknown operator 'WM_OT_context_scale_float', 'WM_OT_context_scale_float'
RNA_string_set: OperatorProperties.data_path not found.
RNA_float_set: OperatorProperties.value not found.
search for unknown operator 'WM_OT_context_scale_float', 'WM_OT_context_scale_float'
RNA_string_set: OperatorProperties.data_path not found.
RNA_float_set: OperatorProperties.value not found.
search for unknown operator 'RENDER_OT_play_rendered_anim', 'RENDER_OT_play_rendered_anim'
search for unknown operator 'WM_OT_context_toggle', 'WM_OT_context_toggle'
RNA_string_set: OperatorProperties.data_path not found.
search for unknown operator 'WM_OT_context_cycle_enum', 'WM_OT_context_cycle_enum'
RNA_string_set: OperatorProperties.data_path not found.
RNA_boolean_set: OperatorProperties.wrap not found.
search for unknown operator 'WM_OT_context_toggle_enum', 'WM_OT_context_toggle_enum'
RNA_string_set: OperatorProperties.data_path not found.
RNA_string_set: OperatorProperties.value_1 not found.
RNA_string_set: OperatorProperties.value_2 not found.
search for unknown operator 'WM_OT_context_toggle_enum', 'WM_OT_context_toggle_enum'
RNA_string_set: OperatorProperties.data_path not found.
RNA_string_set: OperatorProperties.value_1 not found.
RNA_string_set: OperatorProperties.value_2 not found.
search for unknown operator 'WM_OT_context_cycle_enum', 'WM_OT_context_cycle_enum'
RNA_string_set: OperatorProperties.data_path not found.
RNA_boolean_set: OperatorProperties.wrap not found.
search for unknown operator 'WM_OT_context_toggle', 'WM_OT_context_toggle'
RNA_string_set: OperatorProperties.data_path not found.
search for unknown operator 'WM_OT_context_cycle_enum', 'WM_OT_context_cycle_enum'
RNA_string_set: OperatorProperties.data_path not found.
RNA_boolean_set: OperatorProperties.wrap not found.
search for unknown operator 'WM_OT_context_toggle_enum', 'WM_OT_context_toggle_enum'
RNA_string_set: OperatorProperties.data_path not found.
RNA_string_set: OperatorProperties.value_1 not found.
RNA_string_set: OperatorProperties.value_2 not found.
search for unknown operator 'VIEW3D_OT_edit_mesh_extrude_move_normal', 'VIEW3D_OT_edit_mesh_extrude_move_normal'
search for unknown operator 'WM_OT_context_cycle_enum', 'WM_OT_context_cycle_enum'
RNA_string_set: OperatorProperties.data_path not found.
RNA_boolean_set: OperatorProperties.wrap not found.
search for unknown operator 'WM_OT_context_toggle_enum', 'WM_OT_context_toggle_enum'
RNA_string_set: OperatorProperties.data_path not found.
RNA_string_set: OperatorProperties.value_1 not found.
RNA_string_set: OperatorProperties.value_2 not found.
search for unknown operator 'WM_OT_context_toggle_enum', 'WM_OT_context_toggle_enum'
RNA_string_set: OperatorProperties.data_path not found.
RNA_string_set: OperatorProperties.value_1 not found.
RNA_string_set: OperatorProperties.value_2 not found.
search for unknown operator 'WM_OT_context_toggle', 'WM_OT_context_toggle'
RNA_string_set: OperatorProperties.data_path not found.
search for unknown operator 'WM_OT_context_cycle_enum', 'WM_OT_context_cycle_enum'
RNA_string_set: OperatorProperties.data_path not found.
RNA_boolean_set: OperatorProperties.wrap not found.
search for unknown operator 'WM_OT_context_toggle_enum', 'WM_OT_context_toggle_enum'
RNA_string_set: OperatorProperties.data_path not found.
RNA_string_set: OperatorProperties.value_1 not found.
RNA_string_set: OperatorProperties.value_2 not found.
search for unknown operator 'WM_OT_context_toggle', 'WM_OT_context_toggle'
RNA_string_set: OperatorProperties.data_path not found.
search for unknown operator 'WM_OT_context_menu_enum', 'WM_OT_context_menu_enum'
RNA_string_set: OperatorProperties.data_path not found.
search for unknown operator 'WM_OT_context_cycle_enum', 'WM_OT_context_cycle_enum'
RNA_string_set: OperatorProperties.data_path not found.
RNA_boolean_set: OperatorProperties.wrap not found.
search for unknown operator 'WM_OT_context_toggle_enum', 'WM_OT_context_toggle_enum'
RNA_string_set: OperatorProperties.data_path not found.
RNA_string_set: OperatorProperties.value_1 not found.
RNA_string_set: OperatorProperties.value_2 not found.
search for unknown operator 'WM_OT_context_toggle_enum', 'WM_OT_context_toggle_enum'
RNA_string_set: OperatorProperties.data_path not found.
RNA_string_set: OperatorProperties.value_1 not found.
RNA_string_set: OperatorProperties.value_2 not found.
search for unknown operator 'WM_OT_context_cycle_enum', 'WM_OT_context_cycle_enum'
RNA_string_set: OperatorProperties.data_path not found.
RNA_boolean_set: OperatorProperties.wrap not found.
search for unknown operator 'WM_OT_context_toggle_enum', 'WM_OT_context_toggle_enum'
RNA_string_set: OperatorProperties.data_path not found.
RNA_string_set: OperatorProperties.value_1 not found.
RNA_string_set: OperatorProperties.value_2 not found.
search for unknown operator 'WM_OT_context_cycle_enum', 'WM_OT_context_cycle_enum'
RNA_string_set: OperatorProperties.data_path not found.
RNA_boolean_set: OperatorProperties.wrap not found.
search for unknown operator 'WM_OT_context_toggle_enum', 'WM_OT_context_toggle_enum'
RNA_string_set: OperatorProperties.data_path not found.
RNA_string_set: OperatorProperties.value_1 not found.
RNA_string_set: OperatorProperties.value_2 not found.
search for unknown operator 'WM_OT_context_toggle_enum', 'WM_OT_context_toggle_enum'
RNA_string_set: OperatorProperties.data_path not found.
RNA_string_set: OperatorProperties.value_1 not found.
RNA_string_set: OperatorProperties.value_2 not found.
search for unknown operator 'BRUSH_OT_active_index_set', 'BRUSH_OT_active_index_set'
RNA_string_set: OperatorProperties.mode not found.
RNA_int_set: OperatorProperties.index not found.
search for unknown operator 'BRUSH_OT_active_index_set', 'BRUSH_OT_active_index_set'
RNA_string_set: OperatorProperties.mode not found.
RNA_int_set: OperatorProperties.index not found.
search for unknown operator 'BRUSH_OT_active_index_set', 'BRUSH_OT_active_index_set'
RNA_string_set: OperatorProperties.mode not found.
RNA_int_set: OperatorProperties.index not found.
search for unknown operator 'BRUSH_OT_active_index_set', 'BRUSH_OT_active_index_set'
RNA_string_set: OperatorProperties.mode not found.
RNA_int_set: OperatorProperties.index not found.
search for unknown operator 'BRUSH_OT_active_index_set', 'BRUSH_OT_active_index_set'
RNA_string_set: OperatorProperties.mode not found.
RNA_int_set: OperatorProperties.index not found.
search for unknown operator 'BRUSH_OT_active_index_set', 'BRUSH_OT_active_index_set'
RNA_string_set: OperatorProperties.mode not found.
RNA_int_set: OperatorProperties.index not found.
search for unknown operator 'BRUSH_OT_active_index_set', 'BRUSH_OT_active_index_set'
RNA_string_set: OperatorProperties.mode not found.
RNA_int_set: OperatorProperties.index not found.
search for unknown operator 'BRUSH_OT_active_index_set', 'BRUSH_OT_active_index_set'
RNA_string_set: OperatorProperties.mode not found.
RNA_int_set: OperatorProperties.index not found.
search for unknown operator 'BRUSH_OT_active_index_set', 'BRUSH_OT_active_index_set'
RNA_string_set: OperatorProperties.mode not found.
RNA_int_set: OperatorProperties.index not found.
search for unknown operator 'BRUSH_OT_active_index_set', 'BRUSH_OT_active_index_set'
RNA_string_set: OperatorProperties.mode not found.
RNA_int_set: OperatorProperties.index not found.
search for unknown operator 'BRUSH_OT_active_index_set', 'BRUSH_OT_active_index_set'
RNA_string_set: OperatorProperties.mode not found.
RNA_int_set: OperatorProperties.index not found.
search for unknown operator 'BRUSH_OT_active_index_set', 'BRUSH_OT_active_index_set'
RNA_string_set: OperatorProperties.mode not found.
RNA_int_set: OperatorProperties.index not found.
search for unknown operator 'BRUSH_OT_active_index_set', 'BRUSH_OT_active_index_set'
RNA_string_set: OperatorProperties.mode not found.
RNA_int_set: OperatorProperties.index not found.
search for unknown operator 'BRUSH_OT_active_index_set', 'BRUSH_OT_active_index_set'
RNA_string_set: OperatorProperties.mode not found.
RNA_int_set: OperatorProperties.index not found.
search for unknown operator 'BRUSH_OT_active_index_set', 'BRUSH_OT_active_index_set'
RNA_string_set: OperatorProperties.mode not found.
RNA_int_set: OperatorProperties.index not found.
search for unknown operator 'BRUSH_OT_active_index_set', 'BRUSH_OT_active_index_set'
RNA_string_set: OperatorProperties.mode not found.
RNA_int_set: OperatorProperties.index not found.
search for unknown operator 'BRUSH_OT_active_index_set', 'BRUSH_OT_active_index_set'
RNA_string_set: OperatorProperties.mode not found.
RNA_int_set: OperatorProperties.index not found.
search for unknown operator 'BRUSH_OT_active_index_set', 'BRUSH_OT_active_index_set'
RNA_string_set: OperatorProperties.mode not found.
RNA_int_set: OperatorProperties.index not found.
search for unknown operator 'BRUSH_OT_active_index_set', 'BRUSH_OT_active_index_set'
RNA_string_set: OperatorProperties.mode not found.
RNA_int_set: OperatorProperties.index not found.
search for unknown operator 'BRUSH_OT_active_index_set', 'BRUSH_OT_active_index_set'
RNA_string_set: OperatorProperties.mode not found.
RNA_int_set: OperatorProperties.index not found.
search for unknown operator 'WM_OT_context_menu_enum', 'WM_OT_context_menu_enum'
RNA_string_set: OperatorProperties.data_path not found.
search for unknown operator 'WM_OT_context_toggle', 'WM_OT_context_toggle'
RNA_string_set: OperatorProperties.data_path not found.
search for unknown operator 'BRUSH_OT_active_index_set', 'BRUSH_OT_active_index_set'
RNA_string_set: OperatorProperties.mode not found.
RNA_int_set: OperatorProperties.index not found.
search for unknown operator 'BRUSH_OT_active_index_set', 'BRUSH_OT_active_index_set'
RNA_string_set: OperatorProperties.mode not found.
RNA_int_set: OperatorProperties.index not found.
search for unknown operator 'BRUSH_OT_active_index_set', 'BRUSH_OT_active_index_set'
RNA_string_set: OperatorProperties.mode not found.
RNA_int_set: OperatorProperties.index not found.
search for unknown operator 'BRUSH_OT_active_index_set', 'BRUSH_OT_active_index_set'
RNA_string_set: OperatorProperties.mode not found.
RNA_int_set: OperatorProperties.index not found.
search for unknown operator 'BRUSH_OT_active_index_set', 'BRUSH_OT_active_index_set'
RNA_string_set: OperatorProperties.mode not found.
RNA_int_set: OperatorProperties.index not found.
search for unknown operator 'BRUSH_OT_active_index_set', 'BRUSH_OT_active_index_set'
RNA_string_set: OperatorProperties.mode not found.
RNA_int_set: OperatorProperties.index not found.
search for unknown operator 'BRUSH_OT_active_index_set', 'BRUSH_OT_active_index_set'
RNA_string_set: OperatorProperties.mode not found.
RNA_int_set: OperatorProperties.index not found.
search for unknown operator 'BRUSH_OT_active_index_set', 'BRUSH_OT_active_index_set'
RNA_string_set: OperatorProperties.mode not found.
RNA_int_set: OperatorProperties.index not found.
search for unknown operator 'BRUSH_OT_active_index_set', 'BRUSH_OT_active_index_set'
RNA_string_set: OperatorProperties.mode not found.
RNA_int_set: OperatorProperties.index not found.
search for unknown operator 'BRUSH_OT_active_index_set', 'BRUSH_OT_active_index_set'
RNA_string_set: OperatorProperties.mode not found.
RNA_int_set: OperatorProperties.index not found.
search for unknown operator 'BRUSH_OT_active_index_set', 'BRUSH_OT_active_index_set'
RNA_string_set: OperatorProperties.mode not found.
RNA_int_set: OperatorProperties.index not found.
search for unknown operator 'BRUSH_OT_active_index_set', 'BRUSH_OT_active_index_set'
RNA_string_set: OperatorProperties.mode not found.
RNA_int_set: OperatorProperties.index not found.
search for unknown operator 'BRUSH_OT_active_index_set', 'BRUSH_OT_active_index_set'
RNA_string_set: OperatorProperties.mode not found.
RNA_int_set: OperatorProperties.index not found.
search for unknown operator 'BRUSH_OT_active_index_set', 'BRUSH_OT_active_index_set'
RNA_string_set: OperatorProperties.mode not found.
RNA_int_set: OperatorProperties.index not found.
search for unknown operator 'BRUSH_OT_active_index_set', 'BRUSH_OT_active_index_set'
RNA_string_set: OperatorProperties.mode not found.
RNA_int_set: OperatorProperties.index not found.
search for unknown operator 'BRUSH_OT_active_index_set', 'BRUSH_OT_active_index_set'
RNA_string_set: OperatorProperties.mode not found.
RNA_int_set: OperatorProperties.index not found.
search for unknown operator 'BRUSH_OT_active_index_set', 'BRUSH_OT_active_index_set'
RNA_string_set: OperatorProperties.mode not found.
RNA_int_set: OperatorProperties.index not found.
search for unknown operator 'BRUSH_OT_active_index_set', 'BRUSH_OT_active_index_set'
RNA_string_set: OperatorProperties.mode not found.
RNA_int_set: OperatorProperties.index not found.
search for unknown operator 'BRUSH_OT_active_index_set', 'BRUSH_OT_active_index_set'
RNA_string_set: OperatorProperties.mode not found.
RNA_int_set: OperatorProperties.index not found.
search for unknown operator 'BRUSH_OT_active_index_set', 'BRUSH_OT_active_index_set'
RNA_string_set: OperatorProperties.mode not found.
RNA_int_set: OperatorProperties.index not found.
search for unknown operator 'WM_OT_context_toggle', 'WM_OT_context_toggle'
RNA_string_set: OperatorProperties.data_path not found.
search for unknown operator 'WM_OT_context_toggle', 'WM_OT_context_toggle'
RNA_string_set: OperatorProperties.data_path not found.
search for unknown operator 'WM_OT_context_menu_enum', 'WM_OT_context_menu_enum'
RNA_string_set: OperatorProperties.data_path not found.
search for unknown operator 'BRUSH_OT_active_index_set', 'BRUSH_OT_active_index_set'
RNA_string_set: OperatorProperties.mode not found.
RNA_int_set: OperatorProperties.index not found.
search for unknown operator 'BRUSH_OT_active_index_set', 'BRUSH_OT_active_index_set'
RNA_string_set: OperatorProperties.mode not found.
RNA_int_set: OperatorProperties.index not found.
search for unknown operator 'BRUSH_OT_active_index_set', 'BRUSH_OT_active_index_set'
RNA_string_set: OperatorProperties.mode not found.
RNA_int_set: OperatorProperties.index not found.
search for unknown operator 'BRUSH_OT_active_index_set', 'BRUSH_OT_active_index_set'
RNA_string_set: OperatorProperties.mode not found.
RNA_int_set: OperatorProperties.index not found.
search for unknown operator 'BRUSH_OT_active_index_set', 'BRUSH_OT_active_index_set'
RNA_string_set: OperatorProperties.mode not found.
RNA_int_set: OperatorProperties.index not found.
search for unknown operator 'BRUSH_OT_active_index_set', 'BRUSH_OT_active_index_set'
RNA_string_set: OperatorProperties.mode not found.
RNA_int_set: OperatorProperties.index not found.
search for unknown operator 'BRUSH_OT_active_index_set', 'BRUSH_OT_active_index_set'
RNA_string_set: OperatorProperties.mode not found.
RNA_int_set: OperatorProperties.index not found.
search for unknown operator 'BRUSH_OT_active_index_set', 'BRUSH_OT_active_index_set'
RNA_string_set: OperatorProperties.mode not found.
RNA_int_set: OperatorProperties.index not found.
search for unknown operator 'BRUSH_OT_active_index_set', 'BRUSH_OT_active_index_set'
RNA_string_set: OperatorProperties.mode not found.
RNA_int_set: OperatorProperties.index not found.
search for unknown operator 'BRUSH_OT_active_index_set', 'BRUSH_OT_active_index_set'
RNA_string_set: OperatorProperties.mode not found.
RNA_int_set: OperatorProperties.index not found.
search for unknown operator 'BRUSH_OT_active_index_set', 'BRUSH_OT_active_index_set'
RNA_string_set: OperatorProperties.mode not found.
RNA_int_set: OperatorProperties.index not found.
search for unknown operator 'BRUSH_OT_active_index_set', 'BRUSH_OT_active_index_set'
RNA_string_set: OperatorProperties.mode not found.
RNA_int_set: OperatorProperties.index not found.
search for unknown operator 'BRUSH_OT_active_index_set', 'BRUSH_OT_active_index_set'
RNA_string_set: OperatorProperties.mode not found.
RNA_int_set: OperatorProperties.index not found.
search for unknown operator 'BRUSH_OT_active_index_set', 'BRUSH_OT_active_index_set'
RNA_string_set: OperatorProperties.mode not found.
RNA_int_set: OperatorProperties.index not found.
search for unknown operator 'BRUSH_OT_active_index_set', 'BRUSH_OT_active_index_set'
RNA_string_set: OperatorProperties.mode not found.
RNA_int_set: OperatorProperties.index not found.
search for unknown operator 'BRUSH_OT_active_index_set', 'BRUSH_OT_active_index_set'
RNA_string_set: OperatorProperties.mode not found.
RNA_int_set: OperatorProperties.index not found.
search for unknown operator 'BRUSH_OT_active_index_set', 'BRUSH_OT_active_index_set'
RNA_string_set: OperatorProperties.mode not found.
RNA_int_set: OperatorProperties.index not found.
search for unknown operator 'BRUSH_OT_active_index_set', 'BRUSH_OT_active_index_set'
RNA_string_set: OperatorProperties.mode not found.
RNA_int_set: OperatorProperties.index not found.
search for unknown operator 'BRUSH_OT_active_index_set', 'BRUSH_OT_active_index_set'
RNA_string_set: OperatorProperties.mode not found.
RNA_int_set: OperatorProperties.index not found.
search for unknown operator 'BRUSH_OT_active_index_set', 'BRUSH_OT_active_index_set'
RNA_string_set: OperatorProperties.mode not found.
RNA_int_set: OperatorProperties.index not found.
search for unknown operator 'WM_OT_context_menu_enum', 'WM_OT_context_menu_enum'
RNA_string_set: OperatorProperties.data_path not found.
search for unknown operator 'WM_OT_context_toggle', 'WM_OT_context_toggle'
RNA_string_set: OperatorProperties.data_path not found.
search for unknown operator 'WM_OT_context_toggle', 'WM_OT_context_toggle'
RNA_string_set: OperatorProperties.data_path not found.
search for unknown operator 'WM_OT_context_toggle', 'WM_OT_context_toggle'
RNA_string_set: OperatorProperties.data_path not found.
search for unknown operator 'BRUSH_OT_active_index_set', 'BRUSH_OT_active_index_set'
RNA_string_set: OperatorProperties.mode not found.
RNA_int_set: OperatorProperties.index not found.
search for unknown operator 'BRUSH_OT_active_index_set', 'BRUSH_OT_active_index_set'
RNA_string_set: OperatorProperties.mode not found.
RNA_int_set: OperatorProperties.index not found.
search for unknown operator 'BRUSH_OT_active_index_set', 'BRUSH_OT_active_index_set'
RNA_string_set: OperatorProperties.mode not found.
RNA_int_set: OperatorProperties.index not found.
search for unknown operator 'BRUSH_OT_active_index_set', 'BRUSH_OT_active_index_set'
RNA_string_set: OperatorProperties.mode not found.
RNA_int_set: OperatorProperties.index not found.
search for unknown operator 'BRUSH_OT_active_index_set', 'BRUSH_OT_active_index_set'
RNA_string_set: OperatorProperties.mode not found.
RNA_int_set: OperatorProperties.index not found.
search for unknown operator 'BRUSH_OT_active_index_set', 'BRUSH_OT_active_index_set'
RNA_string_set: OperatorProperties.mode not found.
RNA_int_set: OperatorProperties.index not found.
search for unknown operator 'BRUSH_OT_active_index_set', 'BRUSH_OT_active_index_set'
RNA_string_set: OperatorProperties.mode not found.
RNA_int_set: OperatorProperties.index not found.
search for unknown operator 'BRUSH_OT_active_index_set', 'BRUSH_OT_active_index_set'
RNA_string_set: OperatorProperties.mode not found.
RNA_int_set: OperatorProperties.index not found.
search for unknown operator 'BRUSH_OT_active_index_set', 'BRUSH_OT_active_index_set'
RNA_string_set: OperatorProperties.mode not found.
RNA_int_set: OperatorProperties.index not found.
search for unknown operator 'BRUSH_OT_active_index_set', 'BRUSH_OT_active_index_set'
RNA_string_set: OperatorProperties.mode not found.
RNA_int_set: OperatorProperties.index not found.
search for unknown operator 'BRUSH_OT_active_index_set', 'BRUSH_OT_active_index_set'
RNA_string_set: OperatorProperties.mode not found.
RNA_int_set: OperatorProperties.index not found.
search for unknown operator 'BRUSH_OT_active_index_set', 'BRUSH_OT_active_index_set'
RNA_string_set: OperatorProperties.mode not found.
RNA_int_set: OperatorProperties.index not found.
search for unknown operator 'BRUSH_OT_active_index_set', 'BRUSH_OT_active_index_set'
RNA_string_set: OperatorProperties.mode not found.
RNA_int_set: OperatorProperties.index not found.
search for unknown operator 'BRUSH_OT_active_index_set', 'BRUSH_OT_active_index_set'
RNA_string_set: OperatorProperties.mode not found.
RNA_int_set: OperatorProperties.index not found.
search for unknown operator 'BRUSH_OT_active_index_set', 'BRUSH_OT_active_index_set'
RNA_string_set: OperatorProperties.mode not found.
RNA_int_set: OperatorProperties.index not found.
search for unknown operator 'BRUSH_OT_active_index_set', 'BRUSH_OT_active_index_set'
RNA_string_set: OperatorProperties.mode not found.
RNA_int_set: OperatorProperties.index not found.
search for unknown operator 'BRUSH_OT_active_index_set', 'BRUSH_OT_active_index_set'
RNA_string_set: OperatorProperties.mode not found.
RNA_int_set: OperatorProperties.index not found.
search for unknown operator 'BRUSH_OT_active_index_set', 'BRUSH_OT_active_index_set'
RNA_string_set: OperatorProperties.mode not found.
RNA_int_set: OperatorProperties.index not found.
search for unknown operator 'BRUSH_OT_active_index_set', 'BRUSH_OT_active_index_set'
RNA_string_set: OperatorProperties.mode not found.
RNA_int_set: OperatorProperties.index not found.
search for unknown operator 'BRUSH_OT_active_index_set', 'BRUSH_OT_active_index_set'
RNA_string_set: OperatorProperties.mode not found.
RNA_int_set: OperatorProperties.index not found.
search for unknown operator 'WM_OT_context_toggle', 'WM_OT_context_toggle'
RNA_string_set: OperatorProperties.data_path not found.
search for unknown operator 'WM_OT_context_toggle', 'WM_OT_context_toggle'
RNA_string_set: OperatorProperties.data_path not found.
search for unknown operator 'WM_OT_context_menu_enum', 'WM_OT_context_menu_enum'
RNA_string_set: OperatorProperties.data_path not found.
search for unknown operator 'WM_OT_context_toggle', 'WM_OT_context_toggle'
RNA_string_set: OperatorProperties.data_path not found.
search for unknown operator 'WM_OT_context_cycle_enum', 'WM_OT_context_cycle_enum'
RNA_string_set: OperatorProperties.data_path not found.
RNA_boolean_set: OperatorProperties.wrap not found.
search for unknown operator 'WM_OT_context_toggle', 'WM_OT_context_toggle'
RNA_string_set: OperatorProperties.data_path not found.
search for unknown operator 'WM_OT_context_toggle_enum', 'WM_OT_context_toggle_enum'
RNA_string_set: OperatorProperties.data_path not found.
RNA_string_set: OperatorProperties.value_1 not found.
RNA_string_set: OperatorProperties.value_2 not found.
search for unknown operator 'WM_OT_context_toggle_enum', 'WM_OT_context_toggle_enum'
RNA_string_set: OperatorProperties.data_path not found.
RNA_string_set: OperatorProperties.value_1 not found.
RNA_string_set: OperatorProperties.value_2 not found.
search for unknown operator 'WM_OT_context_set_enum', 'WM_OT_context_set_enum'
RNA_string_set: OperatorProperties.data_path not found.
RNA_string_set: OperatorProperties.value not found.
search for unknown operator 'WM_OT_context_set_enum', 'WM_OT_context_set_enum'
RNA_string_set: OperatorProperties.data_path not found.
RNA_string_set: OperatorProperties.value not found.
search for unknown operator 'WM_OT_context_toggle', 'WM_OT_context_toggle'
RNA_string_set: OperatorProperties.data_path not found.
search for unknown operator 'WM_OT_context_toggle', 'WM_OT_context_toggle'
RNA_string_set: OperatorProperties.data_path not found.
search for unknown operator 'WM_OT_context_set_enum', 'WM_OT_context_set_enum'
RNA_string_set: OperatorProperties.data_path not found.
RNA_string_set: OperatorProperties.value not found.
search for unknown operator 'WM_OT_context_set_enum', 'WM_OT_context_set_enum'
RNA_string_set: OperatorProperties.data_path not found.
RNA_string_set: OperatorProperties.value not found.
search for unknown operator 'WM_OT_context_set_enum', 'WM_OT_context_set_enum'
RNA_string_set: OperatorProperties.data_path not found.
RNA_string_set: OperatorProperties.value not found.
search for unknown operator 'WM_OT_context_toggle', 'WM_OT_context_toggle'
RNA_string_set: OperatorProperties.data_path not found.
search for unknown operator 'WM_OT_context_menu_enum', 'WM_OT_context_menu_enum'
RNA_string_set: OperatorProperties.data_path not found.
search for unknown operator 'WM_OT_context_toggle', 'WM_OT_context_toggle'
RNA_string_set: OperatorProperties.data_path not found.
search for unknown operator 'WM_OT_context_toggle', 'WM_OT_context_toggle'
RNA_string_set: OperatorProperties.data_path not found.
search for unknown operator 'WM_OT_context_set_enum', 'WM_OT_context_set_enum'
RNA_string_set: OperatorProperties.data_path not found.
RNA_string_set: OperatorProperties.value not found.
search for unknown operator 'WM_OT_context_set_enum', 'WM_OT_context_set_enum'
RNA_string_set: OperatorProperties.data_path not found.
RNA_string_set: OperatorProperties.value not found.
search for unknown operator 'WM_OT_context_set_enum', 'WM_OT_context_set_enum'
RNA_string_set: OperatorProperties.data_path not found.
RNA_string_set: OperatorProperties.value not found.
search for unknown operator 'WM_OT_context_set_int', 'WM_OT_context_set_int'
RNA_string_set: OperatorProperties.data_path not found.
RNA_int_set: OperatorProperties.value not found.
search for unknown operator 'WM_OT_context_set_int', 'WM_OT_context_set_int'
RNA_string_set: OperatorProperties.data_path not found.
RNA_int_set: OperatorProperties.value not found.
search for unknown operator 'WM_OT_context_set_int', 'WM_OT_context_set_int'
RNA_string_set: OperatorProperties.data_path not found.
RNA_int_set: OperatorProperties.value not found.
search for unknown operator 'WM_OT_context_set_int', 'WM_OT_context_set_int'
RNA_string_set: OperatorProperties.data_path not found.
RNA_int_set: OperatorProperties.value not found.
search for unknown operator 'WM_OT_context_set_int', 'WM_OT_context_set_int'
RNA_string_set: OperatorProperties.data_path not found.
RNA_int_set: OperatorProperties.value not found.
search for unknown operator 'WM_OT_context_set_int', 'WM_OT_context_set_int'
RNA_string_set: OperatorProperties.data_path not found.
RNA_int_set: OperatorProperties.value not found.
search for unknown operator 'WM_OT_context_set_int', 'WM_OT_context_set_int'
RNA_string_set: OperatorProperties.data_path not found.
RNA_int_set: OperatorProperties.value not found.
search for unknown operator 'WM_OT_context_set_int', 'WM_OT_context_set_int'
RNA_string_set: OperatorProperties.data_path not found.
RNA_int_set: OperatorProperties.value not found.
search for unknown operator 'WM_OT_context_set_enum', 'WM_OT_context_set_enum'
RNA_string_set: OperatorProperties.data_path not found.
RNA_string_set: OperatorProperties.value not found.
search for unknown operator 'WM_OT_context_set_enum', 'WM_OT_context_set_enum'
RNA_string_set: OperatorProperties.data_path not found.
RNA_string_set: OperatorProperties.value not found.
search for unknown operator 'WM_OT_context_set_enum', 'WM_OT_context_set_enum'
RNA_string_set: OperatorProperties.data_path not found.
RNA_string_set: OperatorProperties.value not found.
search for unknown operator 'WM_OT_context_toggle', 'WM_OT_context_toggle'
RNA_string_set: OperatorProperties.data_path not found.
search for unknown operator 'WM_OT_context_menu_enum', 'WM_OT_context_menu_enum'
RNA_string_set: OperatorProperties.data_path not found.
search for unknown operator 'WM_OT_context_toggle', 'WM_OT_context_toggle'
RNA_string_set: OperatorProperties.data_path not found.
search for unknown operator 'WM_OT_context_toggle', 'WM_OT_context_toggle'
RNA_string_set: OperatorProperties.data_path not found.
search for unknown operator 'WM_OT_context_cycle_int', 'WM_OT_context_cycle_int'
RNA_string_set: OperatorProperties.data_path not found.
RNA_boolean_set: OperatorProperties.reverse not found.
search for unknown operator 'WM_OT_context_cycle_int', 'WM_OT_context_cycle_int'
RNA_string_set: OperatorProperties.data_path not found.
RNA_boolean_set: OperatorProperties.reverse not found.
search for unknown operator 'WM_OT_context_cycle_int', 'WM_OT_context_cycle_int'
RNA_string_set: OperatorProperties.data_path not found.
RNA_boolean_set: OperatorProperties.reverse not found.
search for unknown operator 'WM_OT_context_cycle_int', 'WM_OT_context_cycle_int'
RNA_string_set: OperatorProperties.data_path not found.
RNA_boolean_set: OperatorProperties.reverse not found.
search for unknown operator 'WM_OT_context_toggle', 'WM_OT_context_toggle'
RNA_string_set: OperatorProperties.data_path not found.
search for unknown operator 'SEQUENCER_OT_cut_multicam', 'SEQUENCER_OT_cut_multicam'
RNA_int_set: OperatorProperties.camera not found.
search for unknown operator 'SEQUENCER_OT_cut_multicam', 'SEQUENCER_OT_cut_multicam'
RNA_int_set: OperatorProperties.camera not found.
search for unknown operator 'SEQUENCER_OT_cut_multicam', 'SEQUENCER_OT_cut_multicam'
RNA_int_set: OperatorProperties.camera not found.
search for unknown operator 'SEQUENCER_OT_cut_multicam', 'SEQUENCER_OT_cut_multicam'
RNA_int_set: OperatorProperties.camera not found.
search for unknown operator 'SEQUENCER_OT_cut_multicam', 'SEQUENCER_OT_cut_multicam'
RNA_int_set: OperatorProperties.camera not found.
search for unknown operator 'SEQUENCER_OT_cut_multicam', 'SEQUENCER_OT_cut_multicam'
RNA_int_set: OperatorProperties.camera not found.
search for unknown operator 'SEQUENCER_OT_cut_multicam', 'SEQUENCER_OT_cut_multicam'
RNA_int_set: OperatorProperties.camera not found.
search for unknown operator 'SEQUENCER_OT_cut_multicam', 'SEQUENCER_OT_cut_multicam'
RNA_int_set: OperatorProperties.camera not found.
search for unknown operator 'SEQUENCER_OT_cut_multicam', 'SEQUENCER_OT_cut_multicam'
RNA_int_set: OperatorProperties.camera not found.
search for unknown operator 'SEQUENCER_OT_cut_multicam', 'SEQUENCER_OT_cut_multicam'
RNA_int_set: OperatorProperties.camera not found.
search for unknown operator 'WM_OT_context_set_int', 'WM_OT_context_set_int'
RNA_string_set: OperatorProperties.data_path not found.
RNA_int_set: OperatorProperties.value not found.
search for unknown operator 'WM_OT_context_cycle_int', 'WM_OT_context_cycle_int'
RNA_string_set: OperatorProperties.data_path not found.
RNA_boolean_set: OperatorProperties.reverse not found.
search for unknown operator 'WM_OT_context_cycle_int', 'WM_OT_context_cycle_int'
RNA_string_set: OperatorProperties.data_path not found.
RNA_boolean_set: OperatorProperties.reverse not found.
search for unknown operator 'WM_OT_context_cycle_int', 'WM_OT_context_cycle_int'
RNA_string_set: OperatorProperties.data_path not found.
RNA_boolean_set: OperatorProperties.reverse not found.
search for unknown operator 'WM_OT_context_cycle_int', 'WM_OT_context_cycle_int'
RNA_string_set: OperatorProperties.data_path not found.
RNA_boolean_set: OperatorProperties.reverse not found.
search for unknown operator 'WM_OT_context_toggle_enum', 'WM_OT_context_toggle_enum'
RNA_string_set: OperatorProperties.data_path not found.
RNA_string_set: OperatorProperties.value_1 not found.
RNA_string_set: OperatorProperties.value_2 not found.
search for unknown operator 'WM_OT_context_toggle', 'WM_OT_context_toggle'
RNA_string_set: OperatorProperties.data_path not found.
search for unknown operator 'WM_OT_context_toggle', 'WM_OT_context_toggle'
RNA_string_set: OperatorProperties.data_path not found.
search for unknown operator 'WM_OT_context_toggle', 'WM_OT_context_toggle'
RNA_string_set: OperatorProperties.data_path not found.
search for unknown operator 'WM_OT_context_toggle', 'WM_OT_context_toggle'
RNA_string_set: OperatorProperties.data_path not found.
search for unknown operator 'WM_OT_context_set_enum', 'WM_OT_context_set_enum'
RNA_string_set: OperatorProperties.data_path not found.
RNA_string_set: OperatorProperties.value not found.
search for unknown operator 'WM_OT_context_set_enum', 'WM_OT_context_set_enum'
RNA_string_set: OperatorProperties.data_path not found.
RNA_string_set: OperatorProperties.value not found.
search for unknown operator 'WM_OT_context_set_enum', 'WM_OT_context_set_enum'
RNA_string_set: OperatorProperties.data_path not found.
RNA_string_set: OperatorProperties.value not found.
search for unknown operator 'WM_OT_context_set_enum', 'WM_OT_context_set_enum'
RNA_string_set: OperatorProperties.data_path not found.
RNA_string_set: OperatorProperties.value not found.
search for unknown operator 'WM_OT_context_toggle', 'WM_OT_context_toggle'
RNA_string_set: OperatorProperties.data_path not found.
search for unknown operator 'WM_OT_context_set_enum', 'WM_OT_context_set_enum'
search for unknown operator 'WM_OT_context_set_enum', 'WM_OT_context_set_enum'
search for unknown operator 'WM_OT_context_set_enum', 'WM_OT_context_set_enum'
search for unknown operator 'WM_OT_context_set_enum', 'WM_OT_context_set_enum'
search for unknown operator 'WM_OT_context_set_enum', 'WM_OT_context_set_enum'
search for unknown operator 'WM_OT_context_set_enum', 'WM_OT_context_set_enum'
search for unknown operator 'WM_OT_context_set_enum', 'WM_OT_context_set_enum'
search for unknown operator 'WM_OT_context_set_enum', 'WM_OT_context_set_enum'
search for unknown operator 'WM_OT_context_set_enum', 'WM_OT_context_set_enum'
search for unknown operator 'WM_OT_context_set_enum', 'WM_OT_context_set_enum'
search for unknown operator 'WM_OT_context_set_enum', 'WM_OT_context_set_enum'
search for unknown operator 'WM_OT_context_scale_float', 'WM_OT_context_scale_float'
search for unknown operator 'WM_OT_context_scale_float', 'WM_OT_context_scale_float'
search for unknown operator 'WM_OT_context_scale_float', 'WM_OT_context_scale_float'
search for unknown operator 'WM_OT_context_scale_float', 'WM_OT_context_scale_float'
search for unknown operator 'RENDER_OT_play_rendered_anim', 'RENDER_OT_play_rendered_anim'
search for unknown operator 'WM_OT_context_toggle', 'WM_OT_context_toggle'
search for unknown operator 'WM_OT_context_cycle_enum', 'WM_OT_context_cycle_enum'
search for unknown operator 'WM_OT_context_toggle_enum', 'WM_OT_context_toggle_enum'
search for unknown operator 'WM_OT_context_toggle_enum', 'WM_OT_context_toggle_enum'
search for unknown operator 'WM_OT_context_cycle_enum', 'WM_OT_context_cycle_enum'
search for unknown operator 'WM_OT_context_toggle', 'WM_OT_context_toggle'
search for unknown operator 'WM_OT_context_cycle_enum', 'WM_OT_context_cycle_enum'
search for unknown operator 'WM_OT_context_toggle_enum', 'WM_OT_context_toggle_enum'
search for unknown operator 'WM_OT_context_toggle_enum', 'WM_OT_context_toggle_enum'
search for unknown operator 'BRUSH_OT_active_index_set', 'BRUSH_OT_active_index_set'
search for unknown operator 'BRUSH_OT_active_index_set', 'BRUSH_OT_active_index_set'
search for unknown operator 'BRUSH_OT_active_index_set', 'BRUSH_OT_active_index_set'
search for unknown operator 'BRUSH_OT_active_index_set', 'BRUSH_OT_active_index_set'
search for unknown operator 'BRUSH_OT_active_index_set', 'BRUSH_OT_active_index_set'
search for unknown operator 'BRUSH_OT_active_index_set', 'BRUSH_OT_active_index_set'
search for unknown operator 'BRUSH_OT_active_index_set', 'BRUSH_OT_active_index_set'
search for unknown operator 'BRUSH_OT_active_index_set', 'BRUSH_OT_active_index_set'
search for unknown operator 'BRUSH_OT_active_index_set', 'BRUSH_OT_active_index_set'
search for unknown operator 'BRUSH_OT_active_index_set', 'BRUSH_OT_active_index_set'
search for unknown operator 'BRUSH_OT_active_index_set', 'BRUSH_OT_active_index_set'
search for unknown operator 'BRUSH_OT_active_index_set', 'BRUSH_OT_active_index_set'
search for unknown operator 'BRUSH_OT_active_index_set', 'BRUSH_OT_active_index_set'
search for unknown operator 'BRUSH_OT_active_index_set', 'BRUSH_OT_active_index_set'
search for unknown operator 'BRUSH_OT_active_index_set', 'BRUSH_OT_active_index_set'
search for unknown operator 'BRUSH_OT_active_index_set', 'BRUSH_OT_active_index_set'
search for unknown operator 'BRUSH_OT_active_index_set', 'BRUSH_OT_active_index_set'
search for unknown operator 'BRUSH_OT_active_index_set', 'BRUSH_OT_active_index_set'
search for unknown operator 'BRUSH_OT_active_index_set', 'BRUSH_OT_active_index_set'
search for unknown operator 'BRUSH_OT_active_index_set', 'BRUSH_OT_active_index_set'
search for unknown operator 'WM_OT_context_toggle', 'WM_OT_context_toggle'
search for unknown operator 'WM_OT_context_toggle', 'WM_OT_context_toggle'
search for unknown operator 'WM_OT_context_menu_enum', 'WM_OT_context_menu_enum'
search for unknown operator 'BRUSH_OT_active_index_set', 'BRUSH_OT_active_index_set'
search for unknown operator 'BRUSH_OT_active_index_set', 'BRUSH_OT_active_index_set'
search for unknown operator 'BRUSH_OT_active_index_set', 'BRUSH_OT_active_index_set'
search for unknown operator 'BRUSH_OT_active_index_set', 'BRUSH_OT_active_index_set'
search for unknown operator 'BRUSH_OT_active_index_set', 'BRUSH_OT_active_index_set'
search for unknown operator 'BRUSH_OT_active_index_set', 'BRUSH_OT_active_index_set'
search for unknown operator 'BRUSH_OT_active_index_set', 'BRUSH_OT_active_index_set'
search for unknown operator 'BRUSH_OT_active_index_set', 'BRUSH_OT_active_index_set'
search for unknown operator 'BRUSH_OT_active_index_set', 'BRUSH_OT_active_index_set'
search for unknown operator 'BRUSH_OT_active_index_set', 'BRUSH_OT_active_index_set'
search for unknown operator 'BRUSH_OT_active_index_set', 'BRUSH_OT_active_index_set'
search for unknown operator 'BRUSH_OT_active_index_set', 'BRUSH_OT_active_index_set'
search for unknown operator 'BRUSH_OT_active_index_set', 'BRUSH_OT_active_index_set'
search for unknown operator 'BRUSH_OT_active_index_set', 'BRUSH_OT_active_index_set'
search for unknown operator 'BRUSH_OT_active_index_set', 'BRUSH_OT_active_index_set'
search for unknown operator 'BRUSH_OT_active_index_set', 'BRUSH_OT_active_index_set'
search for unknown operator 'BRUSH_OT_active_index_set', 'BRUSH_OT_active_index_set'
search for unknown operator 'BRUSH_OT_active_index_set', 'BRUSH_OT_active_index_set'
search for unknown operator 'BRUSH_OT_active_index_set', 'BRUSH_OT_active_index_set'
search for unknown operator 'BRUSH_OT_active_index_set', 'BRUSH_OT_active_index_set'
search for unknown operator 'WM_OT_context_toggle', 'WM_OT_context_toggle'
search for unknown operator 'WM_OT_context_toggle', 'WM_OT_context_toggle'
search for unknown operator 'WM_OT_context_menu_enum', 'WM_OT_context_menu_enum'
search for unknown operator 'BRUSH_OT_active_index_set', 'BRUSH_OT_active_index_set'
search for unknown operator 'BRUSH_OT_active_index_set', 'BRUSH_OT_active_index_set'
search for unknown operator 'BRUSH_OT_active_index_set', 'BRUSH_OT_active_index_set'
search for unknown operator 'BRUSH_OT_active_index_set', 'BRUSH_OT_active_index_set'
search for unknown operator 'BRUSH_OT_active_index_set', 'BRUSH_OT_active_index_set'
search for unknown operator 'BRUSH_OT_active_index_set', 'BRUSH_OT_active_index_set'
search for unknown operator 'BRUSH_OT_active_index_set', 'BRUSH_OT_active_index_set'
search for unknown operator 'BRUSH_OT_active_index_set', 'BRUSH_OT_active_index_set'
search for unknown operator 'BRUSH_OT_active_index_set', 'BRUSH_OT_active_index_set'
search for unknown operator 'BRUSH_OT_active_index_set', 'BRUSH_OT_active_index_set'
search for unknown operator 'BRUSH_OT_active_index_set', 'BRUSH_OT_active_index_set'
search for unknown operator 'BRUSH_OT_active_index_set', 'BRUSH_OT_active_index_set'
search for unknown operator 'BRUSH_OT_active_index_set', 'BRUSH_OT_active_index_set'
search for unknown operator 'BRUSH_OT_active_index_set', 'BRUSH_OT_active_index_set'
search for unknown operator 'BRUSH_OT_active_index_set', 'BRUSH_OT_active_index_set'
search for unknown operator 'BRUSH_OT_active_index_set', 'BRUSH_OT_active_index_set'
search for unknown operator 'BRUSH_OT_active_index_set', 'BRUSH_OT_active_index_set'
search for unknown operator 'BRUSH_OT_active_index_set', 'BRUSH_OT_active_index_set'
search for unknown operator 'BRUSH_OT_active_index_set', 'BRUSH_OT_active_index_set'
search for unknown operator 'BRUSH_OT_active_index_set', 'BRUSH_OT_active_index_set'
search for unknown operator 'WM_OT_context_menu_enum', 'WM_OT_context_menu_enum'
search for unknown operator 'WM_OT_context_toggle', 'WM_OT_context_toggle'
search for unknown operator 'WM_OT_context_toggle', 'WM_OT_context_toggle'
search for unknown operator 'WM_OT_context_toggle', 'WM_OT_context_toggle'
search for unknown operator 'BRUSH_OT_active_index_set', 'BRUSH_OT_active_index_set'
search for unknown operator 'BRUSH_OT_active_index_set', 'BRUSH_OT_active_index_set'
search for unknown operator 'BRUSH_OT_active_index_set', 'BRUSH_OT_active_index_set'
search for unknown operator 'BRUSH_OT_active_index_set', 'BRUSH_OT_active_index_set'
search for unknown operator 'BRUSH_OT_active_index_set', 'BRUSH_OT_active_index_set'
search for unknown operator 'BRUSH_OT_active_index_set', 'BRUSH_OT_active_index_set'
search for unknown operator 'BRUSH_OT_active_index_set', 'BRUSH_OT_active_index_set'
search for unknown operator 'BRUSH_OT_active_index_set', 'BRUSH_OT_active_index_set'
search for unknown operator 'BRUSH_OT_active_index_set', 'BRUSH_OT_active_index_set'
search for unknown operator 'BRUSH_OT_active_index_set', 'BRUSH_OT_active_index_set'
search for unknown operator 'BRUSH_OT_active_index_set', 'BRUSH_OT_active_index_set'
search for unknown operator 'BRUSH_OT_active_index_set', 'BRUSH_OT_active_index_set'
search for unknown operator 'BRUSH_OT_active_index_set', 'BRUSH_OT_active_index_set'
search for unknown operator 'BRUSH_OT_active_index_set', 'BRUSH_OT_active_index_set'
search for unknown operator 'BRUSH_OT_active_index_set', 'BRUSH_OT_active_index_set'
search for unknown operator 'BRUSH_OT_active_index_set', 'BRUSH_OT_active_index_set'
search for unknown operator 'BRUSH_OT_active_index_set', 'BRUSH_OT_active_index_set'
search for unknown operator 'BRUSH_OT_active_index_set', 'BRUSH_OT_active_index_set'
search for unknown operator 'BRUSH_OT_active_index_set', 'BRUSH_OT_active_index_set'
search for unknown operator 'BRUSH_OT_active_index_set', 'BRUSH_OT_active_index_set'
search for unknown operator 'WM_OT_context_menu_enum', 'WM_OT_context_menu_enum'
search for unknown operator 'WM_OT_context_toggle', 'WM_OT_context_toggle'
search for unknown operator 'VIEW3D_OT_edit_mesh_extrude_move_normal', 'VIEW3D_OT_edit_mesh_extrude_move_normal'
search for unknown operator 'WM_OT_context_cycle_enum', 'WM_OT_context_cycle_enum'
search for unknown operator 'WM_OT_context_toggle_enum', 'WM_OT_context_toggle_enum'
search for unknown operator 'WM_OT_context_toggle_enum', 'WM_OT_context_toggle_enum'
search for unknown operator 'WM_OT_context_cycle_enum', 'WM_OT_context_cycle_enum'
search for unknown operator 'WM_OT_context_toggle_enum', 'WM_OT_context_toggle_enum'
search for unknown operator 'WM_OT_context_toggle_enum', 'WM_OT_context_toggle_enum'
search for unknown operator 'WM_OT_context_cycle_enum', 'WM_OT_context_cycle_enum'
search for unknown operator 'WM_OT_context_toggle_enum', 'WM_OT_context_toggle_enum'
search for unknown operator 'WM_OT_context_cycle_enum', 'WM_OT_context_cycle_enum'
search for unknown operator 'WM_OT_context_toggle_enum', 'WM_OT_context_toggle_enum'
search for unknown operator 'WM_OT_context_toggle_enum', 'WM_OT_context_toggle_enum'
search for unknown operator 'WM_OT_context_toggle_enum', 'WM_OT_context_toggle_enum'
search for unknown operator 'WM_OT_context_set_enum', 'WM_OT_context_set_enum'
search for unknown operator 'WM_OT_context_set_enum', 'WM_OT_context_set_enum'
search for unknown operator 'WM_OT_context_toggle', 'WM_OT_context_toggle'
search for unknown operator 'WM_OT_context_toggle', 'WM_OT_context_toggle'
search for unknown operator 'WM_OT_context_set_enum', 'WM_OT_context_set_enum'
search for unknown operator 'WM_OT_context_set_enum', 'WM_OT_context_set_enum'
search for unknown operator 'WM_OT_context_set_enum', 'WM_OT_context_set_enum'
search for unknown operator 'WM_OT_context_toggle', 'WM_OT_context_toggle'
search for unknown operator 'WM_OT_context_menu_enum', 'WM_OT_context_menu_enum'
search for unknown operator 'WM_OT_context_toggle', 'WM_OT_context_toggle'
search for unknown operator 'WM_OT_context_cycle_enum', 'WM_OT_context_cycle_enum'
search for unknown operator 'WM_OT_context_toggle_enum', 'WM_OT_context_toggle_enum'
search for unknown operator 'WM_OT_context_toggle', 'WM_OT_context_toggle'
search for unknown operator 'WM_OT_context_menu_enum', 'WM_OT_context_menu_enum'
search for unknown operator 'WM_OT_context_toggle', 'WM_OT_context_toggle'
search for unknown operator 'WM_OT_context_cycle_enum', 'WM_OT_context_cycle_enum'
search for unknown operator 'WM_OT_context_toggle', 'WM_OT_context_toggle'
search for unknown operator 'WM_OT_context_toggle', 'WM_OT_context_toggle'
search for unknown operator 'WM_OT_context_toggle', 'WM_OT_context_toggle'
search for unknown operator 'WM_OT_context_set_enum', 'WM_OT_context_set_enum'
search for unknown operator 'WM_OT_context_set_enum', 'WM_OT_context_set_enum'
search for unknown operator 'WM_OT_context_set_enum', 'WM_OT_context_set_enum'
search for unknown operator 'WM_OT_context_set_int', 'WM_OT_context_set_int'
search for unknown operator 'WM_OT_context_set_int', 'WM_OT_context_set_int'
search for unknown operator 'WM_OT_context_set_int', 'WM_OT_context_set_int'
search for unknown operator 'WM_OT_context_set_int', 'WM_OT_context_set_int'
search for unknown operator 'WM_OT_context_set_int', 'WM_OT_context_set_int'
search for unknown operator 'WM_OT_context_set_int', 'WM_OT_context_set_int'
search for unknown operator 'WM_OT_context_set_int', 'WM_OT_context_set_int'
search for unknown operator 'WM_OT_context_set_int', 'WM_OT_context_set_int'
search for unknown operator 'WM_OT_context_set_enum', 'WM_OT_context_set_enum'
search for unknown operator 'WM_OT_context_set_enum', 'WM_OT_context_set_enum'
search for unknown operator 'WM_OT_context_set_enum', 'WM_OT_context_set_enum'
search for unknown operator 'WM_OT_context_toggle', 'WM_OT_context_toggle'
search for unknown operator 'WM_OT_context_menu_enum', 'WM_OT_context_menu_enum'
search for unknown operator 'WM_OT_context_toggle', 'WM_OT_context_toggle'
search for unknown operator 'WM_OT_context_toggle', 'WM_OT_context_toggle'
search for unknown operator 'WM_OT_context_cycle_int', 'WM_OT_context_cycle_int'
search for unknown operator 'WM_OT_context_cycle_int', 'WM_OT_context_cycle_int'
search for unknown operator 'WM_OT_context_cycle_int', 'WM_OT_context_cycle_int'
search for unknown operator 'WM_OT_context_cycle_int', 'WM_OT_context_cycle_int'
search for unknown operator 'WM_OT_context_toggle', 'WM_OT_context_toggle'
search for unknown operator 'SEQUENCER_OT_cut_multicam', 'SEQUENCER_OT_cut_multicam'
search for unknown operator 'SEQUENCER_OT_cut_multicam', 'SEQUENCER_OT_cut_multicam'
search for unknown operator 'SEQUENCER_OT_cut_multicam', 'SEQUENCER_OT_cut_multicam'
search for unknown operator 'SEQUENCER_OT_cut_multicam', 'SEQUENCER_OT_cut_multicam'
search for unknown operator 'SEQUENCER_OT_cut_multicam', 'SEQUENCER_OT_cut_multicam'
search for unknown operator 'SEQUENCER_OT_cut_multicam', 'SEQUENCER_OT_cut_multicam'
search for unknown operator 'SEQUENCER_OT_cut_multicam', 'SEQUENCER_OT_cut_multicam'
search for unknown operator 'SEQUENCER_OT_cut_multicam', 'SEQUENCER_OT_cut_multicam'
search for unknown operator 'SEQUENCER_OT_cut_multicam', 'SEQUENCER_OT_cut_multicam'
search for unknown operator 'SEQUENCER_OT_cut_multicam', 'SEQUENCER_OT_cut_multicam'
search for unknown operator 'WM_OT_context_set_int', 'WM_OT_context_set_int'
search for unknown operator 'WM_OT_context_cycle_int', 'WM_OT_context_cycle_int'
search for unknown operator 'WM_OT_context_cycle_int', 'WM_OT_context_cycle_int'
search for unknown operator 'WM_OT_context_cycle_int', 'WM_OT_context_cycle_int'
search for unknown operator 'WM_OT_context_cycle_int', 'WM_OT_context_cycle_int'
search for unknown operator 'WM_OT_context_toggle_enum', 'WM_OT_context_toggle_enum'
search for unknown operator 'WM_OT_context_toggle', 'WM_OT_context_toggle'
search for unknown operator 'WM_OT_context_toggle', 'WM_OT_context_toggle'
search for unknown operator 'WM_OT_context_toggle', 'WM_OT_context_toggle'
search for unknown operator 'WM_OT_context_toggle', 'WM_OT_context_toggle'
search for unknown operator 'WM_OT_context_set_enum', 'WM_OT_context_set_enum'
search for unknown operator 'WM_OT_context_set_enum', 'WM_OT_context_set_enum'
search for unknown operator 'WM_OT_context_set_enum', 'WM_OT_context_set_enum'
search for unknown operator 'WM_OT_context_set_enum', 'WM_OT_context_set_enum'
search for unknown operator 'WM_OT_context_toggle', 'WM_OT_context_toggle'
search for unknown operator 'WM_OT_url_open', 'WM_OT_url_open'
uiItemStringO: 'WM_OT_url_open' unknown operator
search for unknown operator 'WM_OT_url_open', 'WM_OT_url_open'
uiItemStringO: 'WM_OT_url_open' unknown operator
search for unknown operator 'WM_OT_url_open', 'WM_OT_url_open'
uiItemStringO: 'WM_OT_url_open' unknown operator
search for unknown operator 'WM_OT_url_open', 'WM_OT_url_open'
uiItemStringO: 'WM_OT_url_open' unknown operator
search for unknown operator 'WM_OT_url_open', 'WM_OT_url_open'
uiItemStringO: 'WM_OT_url_open' unknown operator
search for unknown operator 'WM_OT_url_open', 'WM_OT_url_open'
uiItemStringO: 'WM_OT_url_open' unknown operator
search for unknown menutype USERPREF_MT_splash_footer
